1650692725017	geckodriver	INFO	Listening on 127.0.0.1:5900
1650692727031	mozrunner::runner	INFO	Running command: "C:\\Program Files\\Mozilla Firefox\\firefox.exe" "--marionette" "--remote-debugging-port" "5901" "-no-remote" "-profile" "C:\\Users\\SKYNET\\AppData\\Local\\Temp\\rust_mozprofileAPXxkZ"
1650692730112	Marionette	INFO	Enabled via --marionette
1650692736138	Marionette	INFO	Listening on port 7368
1650692736404	Marionette	WARN	TLS certificate errors will be ignored for this session
Unable to read VR Path Registry from C:\Users\SKYNET\AppData\Local\openvr\openvrpaths.vrpath
[Parent 2496, Gecko_IOThread] WARNING: pipe error: 109: file z:/build/build/src/ipc/chromium/src/chrome/common/ipc_channel_win.cc, line 346
[Parent 2496, Gecko_IOThread] WARNING: pipe error: 109: file z:/build/build/src/ipc/chromium/src/chrome/common/ipc_channel_win.cc, line 346
Unable to read VR Path Registry from C:\Users\SKYNET\AppData\Local\openvr\openvrpaths.vrpath
[Child 8248, Chrome_ChildThread] WARNING: pipe error: 109: file z:/build/build/src/ipc/chromium/src/chrome/common/ipc_channel_win.cc, line 346
Unable to read VR Path Registry from C:\Users\SKYNET\AppData\Local\openvr\openvrpaths.vrpath
[Child 7216, Chrome_ChildThread] WARNING: pipe error: 109: file z:/build/build/src/ipc/chromium/src/chrome/common/ipc_channel_win.cc, line 346

###!!! [Child][MessageChannel::SendAndWait] Error: Channel error: cannot send/recv

./geckodriver.exe: error: Sólo se permite un uso de cada dirección de socket (protocolo/dirección de red/puerto) (os error 10048)
geckodriver 0.30.0 (d372710b98a6 2021-09-16 10:29 +0300) 
WebDriver implementation for Firefox

USAGE:
    geckodriver.exe [FLAGS] [OPTIONS]

FLAGS:
        --connect-existing    Connect to an existing Firefox instance
    -h, --help                Prints this message
        --jsdebugger          Attach browser toolbox debugger for Firefox
    -v                        Log level verbosity (-v for debug and -vv for trace level)
    -V, --version             Prints version and copying information

OPTIONS:
        --android-storage <ANDROID_STORAGE>    Selects storage location to be used for test data (deprecated). [possible
                                               values: auto, app, internal, sdcard]
    -b, --binary <BINARY>                      Path to the Firefox binary
        --log <LEVEL>                          Set Gecko log level [possible values: fatal, error, warn, info, config,
                                               debug, trace]
        --marionette-host <HOST>               Host to use to connect to Gecko [default: 127.0.0.1]
        --marionette-port <PORT>               Port to use to connect to Gecko [default: system-allocated port]
        --host <HOST>                          Host IP to use for WebDriver server [default: 127.0.0.1]
    -p, --port <PORT>                          Port to use for WebDriver server [default: 4444]
        --websocket-port <PORT>                Port to use to connect to WebDriver BiDi [default: 9222]
1650693047957	geckodriver	INFO	Listening on 127.0.0.1:7783
1650693049980	mozrunner::runner	INFO	Running command: "C:\\Program Files\\Mozilla Firefox\\firefox.exe" "--marionette" "--remote-debugging-port" "7784" "-no-remote" "-profile" "C:\\Users\\SKYNET\\AppData\\Local\\Temp\\rust_mozprofile8ovpCc"
1650693050908	Marionette	INFO	Enabled via --marionette
1650693053986	Marionette	INFO	Listening on port 7804
1650693054302	Marionette	WARN	TLS certificate errors will be ignored for this session
Unable to read VR Path Registry from C:\Users\SKYNET\AppData\Local\openvr\openvrpaths.vrpath
[Child 7524, Chrome_ChildThread] WARNING: pipe error: 109: file z:/build/build/src/ipc/chromium/src/chrome/common/ipc_channel_win.cc, line 346
[Child 7524, Chrome_ChildThread] WARNING: pipe error: 109: file z:/build/build/src/ipc/chromium/src/chrome/common/ipc_channel_win.cc, line 346
Unable to read VR Path Registry from C:\Users\SKYNET\AppData\Local\openvr\openvrpaths.vrpath
[Parent 6908, Gecko_IOThread] WARNING: pipe error: 109: file z:/build/build/src/ipc/chromium/src/chrome/common/ipc_channel_win.cc, line 346
Unable to read VR Path Registry from C:\Users\SKYNET\AppData\Local\openvr\openvrpaths.vrpath
[Child 8908, Chrome_ChildThread] WARNING: pipe error: 109: file z:/build/build/src/ipc/chromium/src/chrome/common/ipc_channel_win.cc, line 346
[Child 8908, Chrome_ChildThread] WARNING: pipe error: 109: file z:/build/build/src/ipc/chromium/src/chrome/common/ipc_channel_win.cc, line 346
*** UTM:SVC TimerManager:registerTimer called after profile-before-change notification. Ignoring timer registration for id: telemetry_modules_ping
[Parent 6908, Gecko_IOThread] WARNING: pipe error: 232: file z:/build/build/src/ipc/chromium/src/chrome/common/ipc_channel_win.cc, line 513
./geckodriver.exe: error: Sólo se permite un uso de cada dirección de socket (protocolo/dirección de red/puerto) (os error 10048)
geckodriver 0.30.0 (d372710b98a6 2021-09-16 10:29 +0300) 
WebDriver implementation for Firefox

USAGE:
    geckodriver.exe [FLAGS] [OPTIONS]

FLAGS:
        --connect-existing    Connect to an existing Firefox instance
    -h, --help                Prints this message
        --jsdebugger          Attach browser toolbox debugger for Firefox
    -v                        Log level verbosity (-v for debug and -vv for trace level)
    -V, --version             Prints version and copying information

OPTIONS:
        --android-storage <ANDROID_STORAGE>    Selects storage location to be used for test data (deprecated). [possible
                                               values: auto, app, internal, sdcard]
    -b, --binary <BINARY>                      Path to the Firefox binary
        --log <LEVEL>                          Set Gecko log level [possible values: fatal, error, warn, info, config,
                                               debug, trace]
        --marionette-host <HOST>               Host to use to connect to Gecko [default: 127.0.0.1]
        --marionette-port <PORT>               Port to use to connect to Gecko [default: system-allocated port]
        --host <HOST>                          Host IP to use for WebDriver server [default: 127.0.0.1]
    -p, --port <PORT>                          Port to use for WebDriver server [default: 4444]
        --websocket-port <PORT>                Port to use to connect to WebDriver BiDi [default: 9222]
1650694109720	mozrunner::runner	INFO	Running command: "C:\\Program Files\\Mozilla Firefox\\firefox.exe" "--marionette" "--remote-debugging-port" "7784" "-no-remote" "-profile" "C:\\Users\\SKYNET\\AppData\\Local\\Temp\\rust_mozprofileiIZbgW"
1650694110604	Marionette	INFO	Enabled via --marionette
1650694113596	Marionette	INFO	Listening on port 8926
1650694114046	Marionette	WARN	TLS certificate errors will be ignored for this session
Unable to read VR Path Registry from C:\Users\SKYNET\AppData\Local\openvr\openvrpaths.vrpath
[Child 6456, Chrome_ChildThread] WARNING: pipe error: 109: file z:/build/build/src/ipc/chromium/src/chrome/common/ipc_channel_win.cc, line 346
[Child 6456, Chrome_ChildThread] WARNING: pipe error: 109: file z:/build/build/src/ipc/chromium/src/chrome/common/ipc_channel_win.cc, line 346
Unable to read VR Path Registry from C:\Users\SKYNET\AppData\Local\openvr\openvrpaths.vrpath
[Child 5520, Chrome_ChildThread] WARNING: pipe error: 109: file z:/build/build/src/ipc/chromium/src/chrome/common/ipc_channel_win.cc, line 346
[Child 5520, Chrome_ChildThread] WARNING: pipe error: 109: file z:/build/build/src/ipc/chromium/src/chrome/common/ipc_channel_win.cc, line 346

###!!! [Child][MessageChannel::SendAndWait] Error: Channel error: cannot send/recv

Unable to read VR Path Registry from C:\Users\SKYNET\AppData\Local\openvr\openvrpaths.vrpath
./geckodriver.exe: error: Sólo se permite un uso de cada dirección de socket (protocolo/dirección de red/puerto) (os error 10048)
geckodriver 0.30.0 (d372710b98a6 2021-09-16 10:29 +0300) 
WebDriver implementation for Firefox

USAGE:
    geckodriver.exe [FLAGS] [OPTIONS]

FLAGS:
        --connect-existing    Connect to an existing Firefox instance
    -h, --help                Prints this message
        --jsdebugger          Attach browser toolbox debugger for Firefox
    -v                        Log level verbosity (-v for debug and -vv for trace level)
    -V, --version             Prints version and copying information

OPTIONS:
        --android-storage <ANDROID_STORAGE>    Selects storage location to be used for test data (deprecated). [possible
                                               values: auto, app, internal, sdcard]
    -b, --binary <BINARY>                      Path to the Firefox binary
        --log <LEVEL>                          Set Gecko log level [possible values: fatal, error, warn, info, config,
                                               debug, trace]
        --marionette-host <HOST>               Host to use to connect to Gecko [default: 127.0.0.1]
        --marionette-port <PORT>               Port to use to connect to Gecko [default: system-allocated port]
        --host <HOST>                          Host IP to use for WebDriver server [default: 127.0.0.1]
    -p, --port <PORT>                          Port to use for WebDriver server [default: 4444]
        --websocket-port <PORT>                Port to use to connect to WebDriver BiDi [default: 9222]
1650694403193	geckodriver	INFO	Listening on 127.0.0.1:9316
1650694405222	mozrunner::runner	INFO	Running command: "C:\\Program Files\\Mozilla Firefox\\firefox.exe" "--marionette" "--remote-debugging-port" "9317" "-no-remote" "-profile" "C:\\Users\\SKYNET\\AppData\\Local\\Temp\\rust_mozprofileswNozk"
1650694405926	Marionette	INFO	Enabled via --marionette
1650694409178	Marionette	INFO	Listening on port 9324
1650694409530	Marionette	WARN	TLS certificate errors will be ignored for this session
Unable to read VR Path Registry from C:\Users\SKYNET\AppData\Local\openvr\openvrpaths.vrpath
[Child 3456, Chrome_ChildThread] WARNING: pipe error: 109: file z:/build/build/src/ipc/chromium/src/chrome/common/ipc_channel_win.cc, line 346
[Child 3456, Chrome_ChildThread] WARNING: pipe error: 109: file z:/build/build/src/ipc/chromium/src/chrome/common/ipc_channel_win.cc, line 346
Unable to read VR Path Registry from C:\Users\SKYNET\AppData\Local\openvr\openvrpaths.vrpath
[Child 8920, Chrome_ChildThread] WARNING: pipe error: 109: file z:/build/build/src/ipc/chromium/src/chrome/common/ipc_channel_win.cc, line 346
[Child 8920, Chrome_ChildThread] WARNING: pipe error: 109: file z:/build/build/src/ipc/chromium/src/chrome/common/ipc_channel_win.cc, line 346
*** UTM:SVC TimerManager:registerTimer called after profile-before-change notification. Ignoring timer registration for id: telemetry_modules_ping
Unable to read VR Path Registry from C:\Users\SKYNET\AppData\Local\openvr\openvrpaths.vrpath
[GPU 8640, Chrome_ChildThread] WARNING: pipe error: 109: file z:/build/build/src/ipc/chromium/src/chrome/common/ipc_channel_win.cc, line 346

###!!! [Child][MessageChannel::SendAndWait] Error: Channel error: cannot send/recv

Unable to read VR Path Registry from C:\Users\SKYNET\AppData\Local\openvr\openvrpaths.vrpath
1650694671803	geckodriver	INFO	Listening on 127.0.0.1:9815
1650694673807	mozrunner::runner	INFO	Running command: "C:\\Program Files\\Mozilla Firefox\\firefox.exe" "--marionette" "--remote-debugging-port" "9816" "-no-remote" "-profile" "C:\\Users\\SKYNET\\AppData\\Local\\Temp\\rust_mozprofileKjWf7T"
1650694674514	Marionette	INFO	Enabled via --marionette
1650694678236	Marionette	INFO	Listening on port 9823
1650694678718	Marionette	WARN	TLS certificate errors will be ignored for this session
Unable to read VR Path Registry from C:\Users\SKYNET\AppData\Local\openvr\openvrpaths.vrpath
[Parent 8828, Gecko_IOThread] WARNING: pipe error: 109: file z:/build/build/src/ipc/chromium/src/chrome/common/ipc_channel_win.cc, line 346
Unable to read VR Path Registry from C:\Users\SKYNET\AppData\Local\openvr\openvrpaths.vrpath
[Child 7920, Chrome_ChildThread] WARNING: pipe error: 109: file z:/build/build/src/ipc/chromium/src/chrome/common/ipc_channel_win.cc, line 346
[Child 7920, Chrome_ChildThread] WARNING: pipe error: 109: file z:/build/build/src/ipc/chromium/src/chrome/common/ipc_channel_win.cc, line 346
[Parent 8828, Gecko_IOThread] WARNING: pipe error: 109: file z:/build/build/src/ipc/chromium/src/chrome/common/ipc_channel_win.cc, line 346
*** UTM:SVC TimerManager:registerTimer called after profile-before-change notification. Ignoring timer registration for id: telemetry_modules_ping
Unable to read VR Path Registry from C:\Users\SKYNET\AppData\Local\openvr\openvrpaths.vrpath
[GPU 6692, Chrome_ChildThread] WARNING: pipe error: 109: file z:/build/build/src/ipc/chromium/src/chrome/common/ipc_channel_win.cc, line 346

###!!! [Child][MessageChannel::SendAndWait] Error: Channel error: cannot send/recv

1650694793815	geckodriver	INFO	Listening on 127.0.0.1:10048
1650694795838	mozrunner::runner	INFO	Running command: "C:\\Program Files\\Mozilla Firefox\\firefox.exe" "--marionette" "--remote-debugging-port" "10049" "-no-remote" "-profile" "C:\\Users\\SKYNET\\AppData\\Local\\Temp\\rust_mozprofilebwhfQa"
1650694796750	Marionette	INFO	Enabled via --marionette
1650694799646	Marionette	INFO	Listening on port 10056
1650694800146	Marionette	WARN	TLS certificate errors will be ignored for this session
Unable to read VR Path Registry from C:\Users\SKYNET\AppData\Local\openvr\openvrpaths.vrpath
[Parent 7660, Gecko_IOThread] WARNING: pipe error: 109: file z:/build/build/src/ipc/chromium/src/chrome/common/ipc_channel_win.cc, line 346
Unable to read VR Path Registry from C:\Users\SKYNET\AppData\Local\openvr\openvrpaths.vrpath
[Child 8272, Chrome_ChildThread] WARNING: pipe error: 109: file z:/build/build/src/ipc/chromium/src/chrome/common/ipc_channel_win.cc, line 346
[Child 8272, Chrome_ChildThread] WARNING: pipe error: 109: file z:/build/build/src/ipc/chromium/src/chrome/common/ipc_channel_win.cc, line 346
Unable to read VR Path Registry from C:\Users\SKYNET\AppData\Local\openvr\openvrpaths.vrpath
[Child 7464, Chrome_ChildThread] WARNING: pipe error: 109: file z:/build/build/src/ipc/chromium/src/chrome/common/ipc_channel_win.cc, line 346
[Parent 7660, Gecko_IOThread] WARNING: pipe error: 109: file z:/build/build/src/ipc/chromium/src/chrome/common/ipc_channel_win.cc, line 346
Unable to read VR Path Registry from C:\Users\SKYNET\AppData\Local\openvr\openvrpaths.vrpath
[Child 7824, Chrome_ChildThread] WARNING: pipe error: 109: file z:/build/build/src/ipc/chromium/src/chrome/common/ipc_channel_win.cc, line 346
[Child 7824, Chrome_ChildThread] WARNING: pipe error: 109: file z:/build/build/src/ipc/chromium/src/chrome/common/ipc_channel_win.cc, line 346
*** UTM:SVC TimerManager:registerTimer called after profile-before-change notification. Ignoring timer registration for id: telemetry_modules_ping

###!!! [Child][MessageChannel::SendAndWait] Error: Channel error: cannot send/recv

1650695603588	geckodriver	INFO	Listening on 127.0.0.1:11009
1650695605616	mozrunner::runner	INFO	Running command: "C:\\Program Files\\Mozilla Firefox\\firefox.exe" "--marionette" "--remote-debugging-port" "11010" "-no-remote" "-profile" "C:\\Users\\SKYNET\\AppData\\Local\\Temp\\rust_mozprofilebyjmTj"
1650695606212	Marionette	INFO	Enabled via --marionette
1650695608876	Marionette	INFO	Listening on port 11018
1650695608954	Marionette	WARN	TLS certificate errors will be ignored for this session
Unable to read VR Path Registry from C:\Users\SKYNET\AppData\Local\openvr\openvrpaths.vrpath
[Child 5088, Chrome_ChildThread] WARNING: pipe error: 109: file z:/build/build/src/ipc/chromium/src/chrome/common/ipc_channel_win.cc, line 346
[Child 5088, Chrome_ChildThread] WARNING: pipe error: 109: file z:/build/build/src/ipc/chromium/src/chrome/common/ipc_channel_win.cc, line 346
Unable to read VR Path Registry from C:\Users\SKYNET\AppData\Local\openvr\openvrpaths.vrpath
[Child 7984, Chrome_ChildThread] WARNING: pipe error: 109: file z:/build/build/src/ipc/chromium/src/chrome/common/ipc_channel_win.cc, line 346
[Child 7984, Chrome_ChildThread] WARNING: pipe error: 109: file z:/build/build/src/ipc/chromium/src/chrome/common/ipc_channel_win.cc, line 346
Unable to read VR Path Registry from C:\Users\SKYNET\AppData\Local\openvr\openvrpaths.vrpath
[Parent 8720, Gecko_IOThread] WARNING: pipe error: 109: file z:/build/build/src/ipc/chromium/src/chrome/common/ipc_channel_win.cc, line 346
Unable to read VR Path Registry from C:\Users\SKYNET\AppData\Local\openvr\openvrpaths.vrpath
[Child 9208, Chrome_ChildThread] WARNING: pipe error: 109: file z:/build/build/src/ipc/chromium/src/chrome/common/ipc_channel_win.cc, line 346
[Child 9208, Chrome_ChildThread] WARNING: pipe error: 109: file z:/build/build/src/ipc/chromium/src/chrome/common/ipc_channel_win.cc, line 346
*** UTM:SVC TimerManager:registerTimer called after profile-before-change notification. Ignoring timer registration for id: telemetry_modules_ping
1650695771509	geckodriver	INFO	Listening on 127.0.0.1:11285
1650695773525	mozrunner::runner	INFO	Running command: "C:\\Program Files\\Mozilla Firefox\\firefox.exe" "--marionette" "--remote-debugging-port" "11286" "-no-remote" "-profile" "C:\\Users\\SKYNET\\AppData\\Local\\Temp\\rust_mozprofileOJRbjx"
1650695774142	Marionette	INFO	Enabled via --marionette
1650695776822	Marionette	INFO	Listening on port 11292
1650695776838	Marionette	WARN	TLS certificate errors will be ignored for this session
Unable to read VR Path Registry from C:\Users\SKYNET\AppData\Local\openvr\openvrpaths.vrpath
[Child 8036, Chrome_ChildThread] WARNING: pipe error: 109: file z:/build/build/src/ipc/chromium/src/chrome/common/ipc_channel_win.cc, line 346
[Child 8036, Chrome_ChildThread] WARNING: pipe error: 109: file z:/build/build/src/ipc/chromium/src/chrome/common/ipc_channel_win.cc, line 346
Unable to read VR Path Registry from C:\Users\SKYNET\AppData\Local\openvr\openvrpaths.vrpath
[Child 9204, Chrome_ChildThread] WARNING: pipe error: 109: file z:/build/build/src/ipc/chromium/src/chrome/common/ipc_channel_win.cc, line 346
[Child 9204, Chrome_ChildThread] WARNING: pipe error: 109: file z:/build/build/src/ipc/chromium/src/chrome/common/ipc_channel_win.cc, line 346
Unable to read VR Path Registry from C:\Users\SKYNET\AppData\Local\openvr\openvrpaths.vrpath
[Child 6188, Chrome_ChildThread] WARNING: pipe error: 109: file z:/build/build/src/ipc/chromium/src/chrome/common/ipc_channel_win.cc, line 346
*** UTM:SVC TimerManager:registerTimer called after profile-before-change notification. Ignoring timer registration for id: telemetry_modules_ping
Unable to read VR Path Registry from C:\Users\SKYNET\AppData\Local\openvr\openvrpaths.vrpath
[GPU 7748, Chrome_ChildThread] WARNING: pipe error: 109: file z:/build/build/src/ipc/chromium/src/chrome/common/ipc_channel_win.cc, line 346
Unable to read VR Path Registry from C:\Users\SKYNET\AppData\Local\openvr\openvrpaths.vrpath
1650696108085	geckodriver	INFO	Listening on 127.0.0.1:11722
1650696110109	mozrunner::runner	INFO	Running command: "C:\\Program Files\\Mozilla Firefox\\firefox.exe" "--marionette" "--remote-debugging-port" "11723" "-no-remote" "-profile" "C:\\Users\\SKYNET\\AppData\\Local\\Temp\\rust_mozprofile69b0bb"
1650696110870	Marionette	INFO	Enabled via --marionette
1650696113408	Marionette	INFO	Listening on port 11729
1650696113588	Marionette	WARN	TLS certificate errors will be ignored for this session
Unable to read VR Path Registry from C:\Users\SKYNET\AppData\Local\openvr\openvrpaths.vrpath
[Parent 9120, Gecko_IOThread] WARNING: pipe error: 109: file z:/build/build/src/ipc/chromium/src/chrome/common/ipc_channel_win.cc, line 346
Unable to read VR Path Registry from C:\Users\SKYNET\AppData\Local\openvr\openvrpaths.vrpath
[Child 8572, Chrome_ChildThread] WARNING: pipe error: 109: file z:/build/build/src/ipc/chromium/src/chrome/common/ipc_channel_win.cc, line 346
*** UTM:SVC TimerManager:registerTimer called after profile-before-change notification. Ignoring timer registration for id: telemetry_modules_ping
Unable to read VR Path Registry from C:\Users\SKYNET\AppData\Local\openvr\openvrpaths.vrpath
[GPU 8144, Chrome_ChildThread] WARNING: pipe error: 109: file z:/build/build/src/ipc/chromium/src/chrome/common/ipc_channel_win.cc, line 346
1650696180856	geckodriver	INFO	Listening on 127.0.0.1:11912
1650696182880	mozrunner::runner	INFO	Running command: "C:\\Program Files\\Mozilla Firefox\\firefox.exe" "--marionette" "--remote-debugging-port" "11913" "-no-remote" "-profile" "C:\\Users\\SKYNET\\AppData\\Local\\Temp\\rust_mozprofileUV5y7m"
1650696183532	Marionette	INFO	Enabled via --marionette
1650696187050	Marionette	INFO	Listening on port 11920
1650696187250	Marionette	WARN	TLS certificate errors will be ignored for this session
Unable to read VR Path Registry from C:\Users\SKYNET\AppData\Local\openvr\openvrpaths.vrpath
[Parent 8036, Gecko_IOThread] WARNING: pipe error: 109: file z:/build/build/src/ipc/chromium/src/chrome/common/ipc_channel_win.cc, line 346
Unable to read VR Path Registry from C:\Users\SKYNET\AppData\Local\openvr\openvrpaths.vrpath
[Child 6224, Chrome_ChildThread] WARNING: pipe error: 109: file z:/build/build/src/ipc/chromium/src/chrome/common/ipc_channel_win.cc, line 346
[Child 6224, Chrome_ChildThread] WARNING: pipe error: 109: file z:/build/build/src/ipc/chromium/src/chrome/common/ipc_channel_win.cc, line 346
Unable to read VR Path Registry from C:\Users\SKYNET\AppData\Local\openvr\openvrpaths.vrpath
[Child 1644, Chrome_ChildThread] WARNING: pipe error: 109: file z:/build/build/src/ipc/chromium/src/chrome/common/ipc_channel_win.cc, line 346
*** UTM:SVC TimerManager:registerTimer called after profile-before-change notification. Ignoring timer registration for id: telemetry_modules_ping

###!!! [Child][MessageChannel::SendAndWait] Error: Channel error: cannot send/recv

1650696231022	geckodriver	INFO	Listening on 127.0.0.1:12078
1650696233048	mozrunner::runner	INFO	Running command: "C:\\Program Files\\Mozilla Firefox\\firefox.exe" "--marionette" "--remote-debugging-port" "12079" "-no-remote" "-profile" "C:\\Users\\SKYNET\\AppData\\Local\\Temp\\rust_mozprofilezQQl39"
1650696233706	Marionette	INFO	Enabled via --marionette
1650696236180	Marionette	INFO	Listening on port 12086
1650696236350	Marionette	WARN	TLS certificate errors will be ignored for this session
Unable to read VR Path Registry from C:\Users\SKYNET\AppData\Local\openvr\openvrpaths.vrpath
[Child 6216, Chrome_ChildThread] WARNING: pipe error: 109: file z:/build/build/src/ipc/chromium/src/chrome/common/ipc_channel_win.cc, line 346
Unable to read VR Path Registry from C:\Users\SKYNET\AppData\Local\openvr\openvrpaths.vrpath
[Child 956, Chrome_ChildThread] WARNING: pipe error: 109: file z:/build/build/src/ipc/chromium/src/chrome/common/ipc_channel_win.cc, line 346
[Child 956, Chrome_ChildThread] WARNING: pipe error: 109: file z:/build/build/src/ipc/chromium/src/chrome/common/ipc_channel_win.cc, line 346
*** UTM:SVC TimerManager:registerTimer called after profile-before-change notification. Ignoring timer registration for id: telemetry_modules_ping

###!!! [Child][MessageChannel::SendAndWait] Error: Channel error: cannot send/recv

Unable to read VR Path Registry from C:\Users\SKYNET\AppData\Local\openvr\openvrpaths.vrpath
1650696396243	geckodriver	INFO	Listening on 127.0.0.1:12355
1650696398276	mozrunner::runner	INFO	Running command: "C:\\Program Files\\Mozilla Firefox\\firefox.exe" "--marionette" "--remote-debugging-port" "12356" "-no-remote" "-profile" "C:\\Users\\SKYNET\\AppData\\Local\\Temp\\rust_mozprofilecQIdXR"
1650696399010	Marionette	INFO	Enabled via --marionette
1650696401658	Marionette	INFO	Listening on port 12363
1650696402084	Marionette	WARN	TLS certificate errors will be ignored for this session
Unable to read VR Path Registry from C:\Users\SKYNET\AppData\Local\openvr\openvrpaths.vrpath
[Child 7668, Chrome_ChildThread] WARNING: pipe error: 109: file z:/build/build/src/ipc/chromium/src/chrome/common/ipc_channel_win.cc, line 346
[Child 7668, Chrome_ChildThread] WARNING: pipe error: 109: file z:/build/build/src/ipc/chromium/src/chrome/common/ipc_channel_win.cc, line 346
*** UTM:SVC TimerManager:registerTimer called after profile-before-change notification. Ignoring timer registration for id: telemetry_modules_ping
Unable to read VR Path Registry from C:\Users\SKYNET\AppData\Local\openvr\openvrpaths.vrpath
1650696583682	geckodriver	INFO	Listening on 127.0.0.1:12653
1650696585703	mozrunner::runner	INFO	Running command: "C:\\Program Files\\Mozilla Firefox\\firefox.exe" "--marionette" "--remote-debugging-port" "12654" "-no-remote" "-profile" "C:\\Users\\SKYNET\\AppData\\Local\\Temp\\rust_mozprofileR8UATQ"
1650696586418	Marionette	INFO	Enabled via --marionette
1650696589116	Marionette	INFO	Listening on port 12660
1650696589510	Marionette	WARN	TLS certificate errors will be ignored for this session
Unable to read VR Path Registry from C:\Users\SKYNET\AppData\Local\openvr\openvrpaths.vrpath
[Child 6488, Chrome_ChildThread] WARNING: pipe error: 109: file z:/build/build/src/ipc/chromium/src/chrome/common/ipc_channel_win.cc, line 346
[Child 6488, Chrome_ChildThread] WARNING: pipe error: 109: file z:/build/build/src/ipc/chromium/src/chrome/common/ipc_channel_win.cc, line 346
Unable to read VR Path Registry from C:\Users\SKYNET\AppData\Local\openvr\openvrpaths.vrpath
[Child 8524, Chrome_ChildThread] WARNING: pipe error: 109: file z:/build/build/src/ipc/chromium/src/chrome/common/ipc_channel_win.cc, line 346
Unable to read VR Path Registry from C:\Users\SKYNET\AppData\Local\openvr\openvrpaths.vrpath
[Child 6312, Chrome_ChildThread] WARNING: pipe error: 109: file z:/build/build/src/ipc/chromium/src/chrome/common/ipc_channel_win.cc, line 346
*** UTM:SVC TimerManager:registerTimer called after profile-before-change notification. Ignoring timer registration for id: telemetry_modules_ping
Unable to read VR Path Registry from C:\Users\SKYNET\AppData\Local\openvr\openvrpaths.vrpath
1650696657972	geckodriver	INFO	Listening on 127.0.0.1:12841
1650696659982	mozrunner::runner	INFO	Running command: "C:\\Program Files\\Mozilla Firefox\\firefox.exe" "--marionette" "--remote-debugging-port" "12842" "-no-remote" "-profile" "C:\\Users\\SKYNET\\AppData\\Local\\Temp\\rust_mozprofileIlmBgn"
1650696660822	Marionette	INFO	Enabled via --marionette
1650696663612	Marionette	INFO	Listening on port 12848
1650696663812	Marionette	WARN	TLS certificate errors will be ignored for this session
Unable to read VR Path Registry from C:\Users\SKYNET\AppData\Local\openvr\openvrpaths.vrpath
[Child 8512, Chrome_ChildThread] WARNING: pipe error: 109: file z:/build/build/src/ipc/chromium/src/chrome/common/ipc_channel_win.cc, line 346
[Child 8512, Chrome_ChildThread] WARNING: pipe error: 109: file z:/build/build/src/ipc/chromium/src/chrome/common/ipc_channel_win.cc, line 346
Unable to read VR Path Registry from C:\Users\SKYNET\AppData\Local\openvr\openvrpaths.vrpath
[Child 3908, Chrome_ChildThread] WARNING: pipe error: 109: file z:/build/build/src/ipc/chromium/src/chrome/common/ipc_channel_win.cc, line 346
[Child 3908, Chrome_ChildThread] WARNING: pipe error: 109: file z:/build/build/src/ipc/chromium/src/chrome/common/ipc_channel_win.cc, line 346
Unable to read VR Path Registry from C:\Users\SKYNET\AppData\Local\openvr\openvrpaths.vrpath
[Parent 7204, Gecko_IOThread] WARNING: pipe error: 109: file z:/build/build/src/ipc/chromium/src/chrome/common/ipc_channel_win.cc, line 346
Unable to read VR Path Registry from C:\Users\SKYNET\AppData\Local\openvr\openvrpaths.vrpath
[Child 7424, Chrome_ChildThread] WARNING: pipe error: 109: file z:/build/build/src/ipc/chromium/src/chrome/common/ipc_channel_win.cc, line 346
[Child 7424, Chrome_ChildThread] WARNING: pipe error: 109: file z:/build/build/src/ipc/chromium/src/chrome/common/ipc_channel_win.cc, line 346
*** UTM:SVC TimerManager:registerTimer called after profile-before-change notification. Ignoring timer registration for id: telemetry_modules_ping

###!!! [Child][MessageChannel::SendAndWait] Error: Channel error: cannot send/recv

1650696931576	geckodriver	INFO	Listening on 127.0.0.1:13207
1650696933590	mozrunner::runner	INFO	Running command: "C:\\Program Files\\Mozilla Firefox\\firefox.exe" "--marionette" "--remote-debugging-port" "13208" "-no-remote" "-profile" "C:\\Users\\SKYNET\\AppData\\Local\\Temp\\rust_mozprofilelu7Tt9"
1650696934320	Marionette	INFO	Enabled via --marionette
1650696936802	Marionette	INFO	Listening on port 13216
1650696937014	Marionette	WARN	TLS certificate errors will be ignored for this session
Unable to read VR Path Registry from C:\Users\SKYNET\AppData\Local\openvr\openvrpaths.vrpath
[Parent 6704, Gecko_IOThread] WARNING: pipe error: 109: file z:/build/build/src/ipc/chromium/src/chrome/common/ipc_channel_win.cc, line 346
[Parent 6704, Gecko_IOThread] WARNING: pipe error: 109: file z:/build/build/src/ipc/chromium/src/chrome/common/ipc_channel_win.cc, line 346
Unable to read VR Path Registry from C:\Users\SKYNET\AppData\Local\openvr\openvrpaths.vrpath
[Child 7736, Chrome_ChildThread] WARNING: pipe error: 109: file z:/build/build/src/ipc/chromium/src/chrome/common/ipc_channel_win.cc, line 346
[Child 7736, Chrome_ChildThread] WARNING: pipe error: 109: file z:/build/build/src/ipc/chromium/src/chrome/common/ipc_channel_win.cc, line 346
Unable to read VR Path Registry from C:\Users\SKYNET\AppData\Local\openvr\openvrpaths.vrpath
[Child 5712, Chrome_ChildThread] WARNING: pipe error: 109: file z:/build/build/src/ipc/chromium/src/chrome/common/ipc_channel_win.cc, line 346
[Child 5712, Chrome_ChildThread] WARNING: pipe error: 109: file z:/build/build/src/ipc/chromium/src/chrome/common/ipc_channel_win.cc, line 346
Unable to read VR Path Registry from C:\Users\SKYNET\AppData\Local\openvr\openvrpaths.vrpath
[GPU 8976, Chrome_ChildThread] WARNING: pipe error: 109: file z:/build/build/src/ipc/chromium/src/chrome/common/ipc_channel_win.cc, line 346

###!!! [Child][MessageChannel::SendAndWait] Error: Channel error: cannot send/recv

mmon/ipc_channel_win.cc, line 346
[Parent 7328, Gecko_IOThread] WARNING: pipe error: 109: file z:/build/build/src/ipc/chromium/src/chrome/common/ipc_channel_win.cc, line 346
Unable to read VR Path Registry from C:\Users\SKYNET\AppData\Local\openvr\openvrpaths.vrpath
[Child 8108, Chrome_ChildThread] WARNING: pipe error: 109: file z:/build/build/src/ipc/chromium/src/chrome/common/ipc_channel_win.cc, line 346
*** UTM:SVC TimerManager:registerTimer called after profile-before-change notification. Ignoring timer registration for id: telemetry_modules_ping

###!!! [Child][MessageChannel::SendAndWait] Error: Channel error: cannot send/recv

1650697230378	geckodriver	INFO	Listening on 127.0.0.1:13733
1650697232416	mozrunner::runner	INFO	Running command: "C:\\Program Files\\Mozilla Firefox\\firefox.exe" "--marionette" "--remote-debugging-port" "13734" "-no-remote" "-profile" "C:\\Users\\SKYNET\\AppData\\Local\\Temp\\rust_mozprofileTJ4BMQ"
1650697233360	Marionette	INFO	Enabled via --marionette
1650697235798	Marionette	INFO	Listening on port 13741
1650697236640	Marionette	WARN	TLS certificate errors will be ignored for this session
Unable to read VR Path Registry from C:\Users\SKYNET\AppData\Local\openvr\openvrpaths.vrpath
[Child 9556, Chrome_ChildThread] WARNING: pipe error: 109: file z:/build/build/src/ipc/chromium/src/chrome/common/ipc_channel_win.cc, line 346
[Child 9556, Chrome_ChildThread] WARNING: pipe error: 109: file z:/build/build/src/ipc/chromium/src/chrome/common/ipc_channel_win.cc, line 346
Unable to read VR Path Registry from C:\Users\SKYNET\AppData\Local\openvr\openvrpaths.vrpath
[Child 8220, Chrome_ChildThread] WARNING: pipe error: 109: file z:/build/build/src/ipc/chromium/src/chrome/common/ipc_channel_win.cc, line 346
[Child 8220, Chrome_ChildThread] WARNING: pipe error: 109: file z:/build/build/src/ipc/chromium/src/chrome/common/ipc_channel_win.cc, line 346
Unable to read VR Path Registry from C:\Users\SKYNET\AppData\Local\openvr\openvrpaths.vrpath
[Parent 2452, Gecko_IOThread] WARNING: pipe error: 109: file z:/build/build/src/ipc/chromium/src/chrome/common/ipc_channel_win.cc, line 346
Unable to read VR Path Registry from C:\Users\SKYNET\AppData\Local\openvr\openvrpaths.vrpath
[Child 9552, Chrome_ChildThread] WARNING: pipe error: 109: file z:/build/build/src/ipc/chromium/src/chrome/common/ipc_channel_win.cc, line 346
[Child 9552, Chrome_ChildThread] WARNING: pipe error: 109: file z:/build/build/src/ipc/chromium/src/chrome/common/ipc_channel_win.cc, line 346
*** UTM:SVC TimerManager:registerTimer called after profile-before-change notification. Ignoring timer registration for id: telemetry_modules_ping
Unable to read VR Path Registry from C:\Users\SKYNET\AppData\Local\openvr\openvrpaths.vrpath
[GPU 8776, Chrome_ChildThread] WARNING: pipe error: 109: file z:/build/build/src/ipc/chromium/src/chrome/common/ipc_channel_win.cc, line 346

###!!! [Child][MessageChannel::SendAndWait] Error: Channel error: cannot send/recv

1650697419727	geckodriver	INFO	Listening on 127.0.0.1:14032
1650697421744	mozrunner::runner	INFO	Running command: "C:\\Program Files\\Mozilla Firefox\\firefox.exe" "--marionette" "--remote-debugging-port" "14033" "-no-remote" "-profile" "C:\\Users\\SKYNET\\AppData\\Local\\Temp\\rust_mozprofile9zvQrI"
1650697422466	Marionette	INFO	Enabled via --marionette
1650697425772	Marionette	INFO	Listening on port 14039
1650697426050	Marionette	WARN	TLS certificate errors will be ignored for this session
Unable to read VR Path Registry from C:\Users\SKYNET\AppData\Local\openvr\openvrpaths.vrpath
[Child 9580, Chrome_ChildThread] WARNING: pipe error: 109: file z:/build/build/src/ipc/chromium/src/chrome/common/ipc_channel_win.cc, line 346
Unable to read VR Path Registry from C:\Users\SKYNET\AppData\Local\openvr\openvrpaths.vrpath
[Child 7748, Chrome_ChildThread] WARNING: pipe error: 109: file z:/build/build/src/ipc/chromium/src/chrome/common/ipc_channel_win.cc, line 346
Unable to read VR Path Registry from C:\Users\SKYNET\AppData\Local\openvr\openvrpaths.vrpath
[Parent 9224, Gecko_IOThread] WARNING: pipe error: 109: file z:/build/build/src/ipc/chromium/src/chrome/common/ipc_channel_win.cc, line 346
Unable to read VR Path Registry from C:\Users\SKYNET\AppData\Local\openvr\openvrpaths.vrpath
[Child 9852, Chrome_ChildThread] WARNING: pipe error: 109: file z:/build/build/src/ipc/chromium/src/chrome/common/ipc_channel_win.cc, line 346
[Child 9852, Chrome_ChildThread] WARNING: pipe error: 109: file z:/build/build/src/ipc/chromium/src/chrome/common/ipc_channel_win.cc, line 346
*** UTM:SVC TimerManager:registerTimer called after profile-before-change notification. Ignoring timer registration for id: telemetry_modules_ping
1650698554330	geckodriver	INFO	Listening on 127.0.0.1:15283
1650698556329	mozrunner::runner	INFO	Running command: "C:\\Program Files\\Mozilla Firefox\\firefox.exe" "--marionette" "--remote-debugging-port" "15284" "-no-remote" "-profile" "C:\\Users\\SKYNET\\AppData\\Local\\Temp\\rust_mozprofilea0H0NE"
1650698557014	Marionette	INFO	Enabled via --marionette
1650698559790	Marionette	INFO	Listening on port 15291
1650698560148	Marionette	WARN	TLS certificate errors will be ignored for this session
Unable to read VR Path Registry from C:\Users\SKYNET\AppData\Local\openvr\openvrpaths.vrpath
[Parent 9200, Gecko_IOThread] WARNING: pipe error: 109: file z:/build/build/src/ipc/chromium/src/chrome/common/ipc_channel_win.cc, line 346
Unable to read VR Path Registry from C:\Users\SKYNET\AppData\Local\openvr\openvrpaths.vrpath
[Child 9412, Chrome_ChildThread] WARNING: pipe error: 109: file z:/build/build/src/ipc/chromium/src/chrome/common/ipc_channel_win.cc, line 346
[Parent 9200, Gecko_IOThread] WARNING: pipe error: 109: file z:/build/build/src/ipc/chromium/src/chrome/common/ipc_channel_win.cc, line 346
Unable to read VR Path Registry from C:\Users\SKYNET\AppData\Local\openvr\openvrpaths.vrpath
[Child 6216, Chrome_ChildThread] WARNING: pipe error: 109: file z:/build/build/src/ipc/chromium/src/chrome/common/ipc_channel_win.cc, line 346
[Child 6216, Chrome_ChildThread] WARNING: pipe error: 109: file z:/build/build/src/ipc/chromium/src/chrome/common/ipc_channel_win.cc, line 346
*** UTM:SVC TimerManager:registerTimer called after profile-before-change notification. Ignoring timer registration for id: telemetry_modules_ping

###!!! [Child][MessageChannel::SendAndWait] Error: Channel error: cannot send/recv

1650698853639	geckodriver	INFO	Listening on 127.0.0.1:15672
1650698855673	mozrunner::runner	INFO	Running command: "C:\\Program Files\\Mozilla Firefox\\firefox.exe" "--marionette" "--remote-debugging-port" "15673" "-no-remote" "-profile" "C:\\Users\\SKYNET\\AppData\\Local\\Temp\\rust_mozprofile9uXVHv"
1650698856316	Marionette	INFO	Enabled via --marionette
1650698858736	Marionette	INFO	Listening on port 15680
1650698858894	Marionette	WARN	TLS certificate errors will be ignored for this session
Unable to read VR Path Registry from C:\Users\SKYNET\AppData\Local\openvr\openvrpaths.vrpath
[Child 7392, Chrome_ChildThread] WARNING: pipe error: 109: file z:/build/build/src/ipc/chromium/src/chrome/common/ipc_channel_win.cc, line 346
[Child 7392, Chrome_ChildThread] WARNING: pipe error: 109: file z:/build/build/src/ipc/chromium/src/chrome/common/ipc_channel_win.cc, line 346
Unable to read VR Path Registry from C:\Users\SKYNET\AppData\Local\openvr\openvrpaths.vrpath
[Child 9240, Chrome_ChildThread] WARNING: pipe error: 109: file z:/build/build/src/ipc/chromium/src/chrome/common/ipc_channel_win.cc, line 346
*** UTM:SVC TimerManager:registerTimer called after profile-before-change notification. Ignoring timer registration for id: telemetry_modules_ping
Unable to read VR Path Registry from C:\Users\SKYNET\AppData\Local\openvr\openvrpaths.vrpath
1650698955758	geckodriver	INFO	Listening on 127.0.0.1:15893
1650698957779	mozrunner::runner	INFO	Running command: "C:\\Program Files\\Mozilla Firefox\\firefox.exe" "--marionette" "--remote-debugging-port" "15894" "-no-remote" "-profile" "C:\\Users\\SKYNET\\AppData\\Local\\Temp\\rust_mozprofilejjKgK1"
1650698958670	Marionette	INFO	Enabled via --marionette
1650698961442	Marionette	INFO	Listening on port 15900
1650698961588	Marionette	WARN	TLS certificate errors will be ignored for this session
Unable to read VR Path Registry from C:\Users\SKYNET\AppData\Local\openvr\openvrpaths.vrpath
[Parent 8776, Gecko_IOThread] WARNING: pipe error: 109: file z:/build/build/src/ipc/chromium/src/chrome/common/ipc_channel_win.cc, line 346
Unable to read VR Path Registry from C:\Users\SKYNET\AppData\Local\openvr\openvrpaths.vrpath
[Child 10140, Chrome_ChildThread] WARNING: pipe error: 109: file z:/build/build/src/ipc/chromium/src/chrome/common/ipc_channel_win.cc, line 346
[Child 10140, Chrome_ChildThread] WARNING: pipe error: 109: file z:/build/build/src/ipc/chromium/src/chrome/common/ipc_channel_win.cc, line 346
Unable to read VR Path Registry from C:\Users\SKYNET\AppData\Local\openvr\openvrpaths.vrpath
[Child 8564, Chrome_ChildThread] WARNING: pipe error: 109: file z:/build/build/src/ipc/chromium/src/chrome/common/ipc_channel_win.cc, line 346
[Parent 8776, Gecko_IOThread] WARNING: pipe error: 109: file z:/build/build/src/ipc/chromium/src/chrome/common/ipc_channel_win.cc, line 346
*** UTM:SVC TimerManager:registerTimer called after profile-before-change notification. Ignoring timer registration for id: telemetry_modules_ping
1650703920926	geckodriver	INFO	Listening on 127.0.0.1:12718
1650703922941	mozrunner::runner	INFO	Running command: "C:\\Program Files\\Mozilla Firefox\\firefox.exe" "--marionette" "--remote-debugging-port" "12719" "-no-remote" "-profile" "C:\\Users\\SKYNET\\AppData\\Local\\Temp\\rust_mozprofileSIJXVU"
1650703923812	Marionette	INFO	Enabled via --marionette
1650703926796	Marionette	INFO	Listening on port 12727
1650703927256	Marionette	WARN	TLS certificate errors will be ignored for this session
Unable to read VR Path Registry from C:\Users\SKYNET\AppData\Local\openvr\openvrpaths.vrpath
[Child 8592, Chrome_ChildThread] WARNING: pipe error: 109: file z:/build/build/src/ipc/chromium/src/chrome/common/ipc_channel_win.cc, line 346
[Child 8592, Chrome_ChildThread] WARNING: pipe error: 109: file z:/build/build/src/ipc/chromium/src/chrome/common/ipc_channel_win.cc, line 346
Unable to read VR Path Registry from C:\Users\SKYNET\AppData\Local\openvr\openvrpaths.vrpath
[Parent 10732, Gecko_IOThread] WARNING: pipe error: 109: file z:/build/build/src/ipc/chromium/src/chrome/common/ipc_channel_win.cc, line 346
Unable to read VR Path Registry from C:\Users\SKYNET\AppData\Local\openvr\openvrpaths.vrpath
[Child 7332, Chrome_ChildThread] WARNING: pipe error: 109: file z:/build/build/src/ipc/chromium/src/chrome/common/ipc_channel_win.cc, line 346
[Child 7332, Chrome_ChildThread] WARNING: pipe error: 109: file z:/build/build/src/ipc/chromium/src/chrome/common/ipc_channel_win.cc, line 346
*** UTM:SVC TimerManager:registerTimer called after profile-before-change notification. Ignoring timer registration for id: telemetry_modules_ping

###!!! [Child][MessageChannel::SendAndWait] Error: Channel error: cannot send/recv

1650704695716	geckodriver	INFO	Listening on 127.0.0.1:13899
1650704697725	mozrunner::runner	INFO	Running command: "C:\\Program Files\\Mozilla Firefox\\firefox.exe" "--marionette" "--remote-debugging-port" "13900" "-no-remote" "-profile" "C:\\Users\\SKYNET\\AppData\\Local\\Temp\\rust_mozprofile7jVvVG"
1650704698400	Marionette	INFO	Enabled via --marionette
1650704701172	Marionette	INFO	Listening on port 13907
1650704701778	Marionette	WARN	TLS certificate errors will be ignored for this session
Unable to read VR Path Registry from C:\Users\SKYNET\AppData\Local\openvr\openvrpaths.vrpath
[Child 10832, Chrome_ChildThread] WARNING: pipe error: 109: file z:/build/build/src/ipc/chromium/src/chrome/common/ipc_channel_win.cc, line 346
[Child 10832, Chrome_ChildThread] WARNING: pipe error: 109: file z:/build/build/src/ipc/chromium/src/chrome/common/ipc_channel_win.cc, line 346
Unable to read VR Path Registry from C:\Users\SKYNET\AppData\Local\openvr\openvrpaths.vrpath
[Parent 11548, Gecko_IOThread] WARNING: pipe error: 109: file z:/build/build/src/ipc/chromium/src/chrome/common/ipc_channel_win.cc, line 346
Unable to read VR Path Registry from C:\Users\SKYNET\AppData\Local\openvr\openvrpaths.vrpath
[Child 8140, Chrome_ChildThread] WARNING: pipe error: 109: file z:/build/build/src/ipc/chromium/src/chrome/common/ipc_channel_win.cc, line 346
[Child 8140, Chrome_ChildThread] WARNING: pipe error: 109: file z:/build/build/src/ipc/chromium/src/chrome/common/ipc_channel_win.cc, line 346
*** UTM:SVC TimerManager:registerTimer called after profile-before-change notification. Ignoring timer registration for id: telemetry_modules_ping
Unable to read VR Path Registry from C:\Users\SKYNET\AppData\Local\openvr\openvrpaths.vrpath
[GPU 11136, Chrome_ChildThread] WARNING: pipe error: 109: file z:/build/build/src/ipc/chromium/src/chrome/common/ipc_channel_win.cc, line 346

###!!! [Child][MessageChannel::SendAndWait] Error: Channel error: cannot send/recv

./geckodriver.exe: error: Sólo se permite un uso de cada dirección de socket (protocolo/dirección de red/puerto) (os error 10048)
geckodriver 0.30.0 (d372710b98a6 2021-09-16 10:29 +0300) 
WebDriver implementation for Firefox

USAGE:
    geckodriver.exe [FLAGS] [OPTIONS]

FLAGS:
        --connect-existing    Connect to an existing Firefox instance
    -h, --help                Prints this message
        --jsdebugger          Attach browser toolbox debugger for Firefox
    -v                        Log level verbosity (-v for debug and -vv for trace level)
    -V, --version             Prints version and copying information

OPTIONS:
        --android-storage <ANDROID_STORAGE>    Selects storage location to be used for test data (deprecated). [possible
                                               values: auto, app, internal, sdcard]
    -b, --binary <BINARY>                      Path to the Firefox binary
        --log <LEVEL>                          Set Gecko log level [possible values: fatal, error, warn, info, config,
                                               debug, trace]
        --marionette-host <HOST>               Host to use to connect to Gecko [default: 127.0.0.1]
        --marionette-port <PORT>               Port to use to connect to Gecko [default: system-allocated port]
        --host <HOST>                          Host IP to use for WebDriver server [default: 127.0.0.1]
    -p, --port <PORT>                          Port to use for WebDriver server [default: 4444]
        --websocket-port <PORT>                Port to use to connect to WebDriver BiDi [default: 9222]
1650704887880	mozrunner::runner	INFO	Running command: "C:\\Program Files\\Mozilla Firefox\\firefox.exe" "--marionette" "--remote-debugging-port" "13900" "-no-remote" "-profile" "C:\\Users\\SKYNET\\AppData\\Local\\Temp\\rust_mozprofile6VCPKJ"
1650704888508	Marionette	INFO	Enabled via --marionette
1650704890758	Marionette	INFO	Listening on port 14139
1650704891082	Marionette	WARN	TLS certificate errors will be ignored for this session
Unable to read VR Path Registry from C:\Users\SKYNET\AppData\Local\openvr\openvrpaths.vrpath
[Child 4548, Chrome_ChildThread] WARNING: pipe error: 109: file z:/build/build/src/ipc/chromium/src/chrome/common/ipc_channel_win.cc, line 346
[Child 4548, Chrome_ChildThread] WARNING: pipe error: 109: file z:/build/build/src/ipc/chromium/src/chrome/common/ipc_channel_win.cc, line 346
Unable to read VR Path Registry from C:\Users\SKYNET\AppData\Local\openvr\openvrpaths.vrpath
[Parent 9592, Gecko_IOThread] WARNING: pipe error: 109: file z:/build/build/src/ipc/chromium/src/chrome/common/ipc_channel_win.cc, line 346
Unable to read VR Path Registry from C:\Users\SKYNET\AppData\Local\openvr\openvrpaths.vrpath
[Child 10868, Chrome_ChildThread] WARNING: pipe error: 109: file z:/build/build/src/ipc/chromium/src/chrome/common/ipc_channel_win.cc, line 346
*** UTM:SVC TimerManager:registerTimer called after profile-before-change notification. Ignoring timer registration for id: telemetry_modules_ping

###!!! [Child][MessageChannel::SendAndWait] Error: Channel error: cannot send/recv

1650704962308	geckodriver	INFO	Listening on 127.0.0.1:14320
1650704964323	mozrunner::runner	INFO	Running command: "C:\\Program Files\\Mozilla Firefox\\firefox.exe" "--marionette" "--remote-debugging-port" "14321" "-no-remote" "-profile" "C:\\Users\\SKYNET\\AppData\\Local\\Temp\\rust_mozprofileM0gHgn"
1650704965048	Marionette	INFO	Enabled via --marionette
1650704968018	Marionette	INFO	Listening on port 14330
1650704968130	Marionette	WARN	TLS certificate errors will be ignored for this session
Unable to read VR Path Registry from C:\Users\SKYNET\AppData\Local\openvr\openvrpaths.vrpath
[Child 9756, Chrome_ChildThread] WARNING: pipe error: 109: file z:/build/build/src/ipc/chromium/src/chrome/common/ipc_channel_win.cc, line 346
[Child 9756, Chrome_ChildThread] WARNING: pipe error: 109: file z:/build/build/src/ipc/chromium/src/chrome/common/ipc_channel_win.cc, line 346
Unable to read VR Path Registry from C:\Users\SKYNET\AppData\Local\openvr\openvrpaths.vrpath
[Parent 8700, Gecko_IOThread] WARNING: pipe error: 109: file z:/build/build/src/ipc/chromium/src/chrome/common/ipc_channel_win.cc, line 346
Unable to read VR Path Registry from C:\Users\SKYNET\AppData\Local\openvr\openvrpaths.vrpath
[Child 8824, Chrome_ChildThread] WARNING: pipe error: 109: file z:/build/build/src/ipc/chromium/src/chrome/common/ipc_channel_win.cc, line 346
Unable to read VR Path Registry from C:\Users\SKYNET\AppData\Local\openvr\openvrpaths.vrpath
[Child 2756, Chrome_ChildThread] WARNING: pipe error: 109: file z:/build/build/src/ipc/chromium/src/chrome/common/ipc_channel_win.cc, line 346
*** UTM:SVC TimerManager:registerTimer called after profile-before-change notification. Ignoring timer registration for id: telemetry_modules_ping

###!!! [Child][MessageChannel::SendAndWait] Error: Channel error: cannot send/recv

1650716805464	geckodriver	INFO	Listening on 127.0.0.1:1588
1650716807485	mozrunner::runner	INFO	Running command: "C:\\Program Files\\Mozilla Firefox\\firefox.exe" "--marionette" "--remote-debugging-port" "1589" "-no-remote" "-profile" "C:\\Users\\SKYNET\\AppData\\Local\\Temp\\rust_mozprofile6iCvNY"
1650716809110	Marionette	INFO	Enabled via --marionette
1650716812052	Marionette	INFO	Listening on port 1594
1650716812670	Marionette	WARN	TLS certificate errors will be ignored for this session
Unable to read VR Path Registry from C:\Users\SKYNET\AppData\Local\openvr\openvrpaths.vrpath
[Child 7360, Chrome_ChildThread] WARNING: pipe error: 109: file z:/build/build/src/ipc/chromium/src/chrome/common/ipc_channel_win.cc, line 346
Unable to read VR Path Registry from C:\Users\SKYNET\AppData\Local\openvr\openvrpaths.vrpath
[Child 3732, Chrome_ChildThread] WARNING: pipe error: 109: file z:/build/build/src/ipc/chromium/src/chrome/common/ipc_channel_win.cc, line 346
[Child 3732, Chrome_ChildThread] WARNING: pipe error: 109: file z:/build/build/src/ipc/chromium/src/chrome/common/ipc_channel_win.cc, line 346
Unable to read VR Path Registry from C:\Users\SKYNET\AppData\Local\openvr\openvrpaths.vrpath
[Child 6544, Chrome_ChildThread] WARNING: pipe error: 109: file z:/build/build/src/ipc/chromium/src/chrome/common/ipc_channel_win.cc, line 346
*** UTM:SVC TimerManager:registerTimer called after profile-before-change notification. Ignoring timer registration for id: telemetry_modules_ping
Unable to read VR Path Registry from C:\Users\SKYNET\AppData\Local\openvr\openvrpaths.vrpath
[GPU 1236, Chrome_ChildThread] WARNING: pipe error: 109: file z:/build/build/src/ipc/chromium/src/chrome/common/ipc_channel_win.cc, line 346

###!!! [Child][MessageChannel::SendAndWait] Error: Channel error: cannot send/recv

Unable to read VR Path Registry from C:\Users\SKYNET\AppData\Local\openvr\openvrpaths.vrpath
1650733369507	geckodriver	INFO	Listening on 127.0.0.1:16743
1650733371527	mozrunner::runner	INFO	Running command: "C:\\Program Files\\Mozilla Firefox\\firefox.exe" "--marionette" "--remote-debugging-port" "16744" "-no-remote" "-profile" "C:\\Users\\SKYNET\\AppData\\Local\\Temp\\rust_mozprofilenHQEAg"
1650733372440	Marionette	INFO	Enabled via --marionette
1650733376376	Marionette	INFO	Listening on port 16753
1650733376444	Marionette	WARN	TLS certificate errors will be ignored for this session
Unable to read VR Path Registry from C:\Users\SKYNET\AppData\Local\openvr\openvrpaths.vrpath
[Parent 8844, Gecko_IOThread] WARNING: pipe error: 109: file z:/build/build/src/ipc/chromium/src/chrome/common/ipc_channel_win.cc, line 346
Unable to read VR Path Registry from C:\Users\SKYNET\AppData\Local\openvr\openvrpaths.vrpath
[Child 7608, Chrome_ChildThread] WARNING: pipe error: 109: file z:/build/build/src/ipc/chromium/src/chrome/common/ipc_channel_win.cc, line 346
[Child 7608, Chrome_ChildThread] WARNING: pipe error: 109: file z:/build/build/src/ipc/chromium/src/chrome/common/ipc_channel_win.cc, line 346
Unable to read VR Path Registry from C:\Users\SKYNET\AppData\Local\openvr\openvrpaths.vrpath
[Child 9136, Chrome_ChildThread] WARNING: pipe error: 109: file z:/build/build/src/ipc/chromium/src/chrome/common/ipc_channel_win.cc, line 346
[Child 9136, Chrome_ChildThread] WARNING: pipe error: 109: file z:/build/build/src/ipc/chromium/src/chrome/common/ipc_channel_win.cc, line 346
Unable to read VR Path Registry from C:\Users\SKYNET\AppData\Local\openvr\openvrpaths.vrpath
[Child 7868, Chrome_ChildThread] WARNING: pipe error: 109: file z:/build/build/src/ipc/chromium/src/chrome/common/ipc_channel_win.cc, line 346
[Child 7868, Chrome_ChildThread] WARNING: pipe error: 109: file z:/build/build/src/ipc/chromium/src/chrome/common/ipc_channel_win.cc, line 346
*** UTM:SVC TimerManager:registerTimer called after profile-before-change notification. Ignoring timer registration for id: telemetry_modules_ping
1650733436526	geckodriver	INFO	Listening on 127.0.0.1:16928
1650733438528	mozrunner::runner	INFO	Running command: "C:\\Program Files\\Mozilla Firefox\\firefox.exe" "--marionette" "--remote-debugging-port" "16929" "-no-remote" "-profile" "C:\\Users\\SKYNET\\AppData\\Local\\Temp\\rust_mozprofile9RSgiN"
1650733439240	Marionette	INFO	Enabled via --marionette
1650733442714	Marionette	INFO	Listening on port 16937
1650733442836	Marionette	WARN	TLS certificate errors will be ignored for this session
Unable to read VR Path Registry from C:\Users\SKYNET\AppData\Local\openvr\openvrpaths.vrpath
[Child 4732, Chrome_ChildThread] WARNING: pipe error: 109: file z:/build/build/src/ipc/chromium/src/chrome/common/ipc_channel_win.cc, line 346
[Child 4732, Chrome_ChildThread] WARNING: pipe error: 109: file z:/build/build/src/ipc/chromium/src/chrome/common/ipc_channel_win.cc, line 346
Unable to read VR Path Registry from C:\Users\SKYNET\AppData\Local\openvr\openvrpaths.vrpath
[Parent 4672, Gecko_IOThread] WARNING: pipe error: 109: file z:/build/build/src/ipc/chromium/src/chrome/common/ipc_channel_win.cc, line 346
Unable to read VR Path Registry from C:\Users\SKYNET\AppData\Local\openvr\openvrpaths.vrpath
[Child 9016, Chrome_ChildThread] WARNING: pipe error: 109: file z:/build/build/src/ipc/chromium/src/chrome/common/ipc_channel_win.cc, line 346
[Child 9016, Chrome_ChildThread] WARNING: pipe error: 109: file z:/build/build/src/ipc/chromium/src/chrome/common/ipc_channel_win.cc, line 346
*** UTM:SVC TimerManager:registerTimer called after profile-before-change notification. Ignoring timer registration for id: telemetry_modules_ping
Unable to read VR Path Registry from C:\Users\SKYNET\AppData\Local\openvr\openvrpaths.vrpath
[GPU 9128, Chrome_ChildThread] WARNING: pipe error: 109: file z:/build/build/src/ipc/chromium/src/chrome/common/ipc_channel_win.cc, line 346

###!!! [Child][MessageChannel::SendAndWait] Error: Channel error: cannot send/recv

1650736162570	geckodriver	INFO	Listening on 127.0.0.1:18890
1650736164414	mozrunner::runner	INFO	Running command: "C:\\Program Files\\Mozilla Firefox\\firefox.exe" "--marionette" "--remote-debugging-port" "18891" "-no-remote" "-profile" "C:\\Users\\SKYNET\\AppData\\Local\\Temp\\rust_mozprofileFMeQ2c"
1650736166240	Marionette	INFO	Enabled via --marionette
1650736169614	Marionette	INFO	Listening on port 18896
1650736169948	Marionette	WARN	TLS certificate errors will be ignored for this session
Unable to read VR Path Registry from C:\Users\SKYNET\AppData\Local\openvr\openvrpaths.vrpath
[Parent 5924, Gecko_IOThread] WARNING: pipe error: 109: file z:/build/build/src/ipc/chromium/src/chrome/common/ipc_channel_win.cc, line 346
Unable to read VR Path Registry from C:\Users\SKYNET\AppData\Local\openvr\openvrpaths.vrpath
[Child 852, Chrome_ChildThread] WARNING: pipe error: 109: file z:/build/build/src/ipc/chromium/src/chrome/common/ipc_channel_win.cc, line 346
Unable to read VR Path Registry from C:\Users\SKYNET\AppData\Local\openvr\openvrpaths.vrpath
[Child 8140, Chrome_ChildThread] WARNING: pipe error: 109: file z:/build/build/src/ipc/chromium/src/chrome/common/ipc_channel_win.cc, line 346
[Child 8140, Chrome_ChildThread] WARNING: pipe error: 109: file z:/build/build/src/ipc/chromium/src/chrome/common/ipc_channel_win.cc, line 346
*** UTM:SVC TimerManager:registerTimer called after profile-before-change notification. Ignoring timer registration for id: telemetry_modules_ping
Unable to read VR Path Registry from C:\Users\SKYNET\AppData\Local\openvr\openvrpaths.vrpath
[GPU 4936, Chrome_ChildThread] WARNING: pipe error: 109: file z:/build/build/src/ipc/chromium/src/chrome/common/ipc_channel_win.cc, line 346

###!!! [Child][MessageChannel::SendAndWait] Error: Channel error: cannot send/recv

1650736235948	geckodriver	INFO	Listening on 127.0.0.1:19040
1650736237969	mozrunner::runner	INFO	Running command: "C:\\Program Files\\Mozilla Firefox\\firefox.exe" "--marionette" "--remote-debugging-port" "19041" "-no-remote" "-profile" "C:\\Users\\SKYNET\\AppData\\Local\\Temp\\rust_mozprofileBDsinV"
1650736238548	Marionette	INFO	Enabled via --marionette
1650736241524	Marionette	INFO	Listening on port 19046
1650736241774	Marionette	WARN	TLS certificate errors will be ignored for this session
Unable to read VR Path Registry from C:\Users\SKYNET\AppData\Local\openvr\openvrpaths.vrpath
[Child 8936, Chrome_ChildThread] WARNING: pipe error: 109: file z:/build/build/src/ipc/chromium/src/chrome/common/ipc_channel_win.cc, line 346
[Child 8936, Chrome_ChildThread] WARNING: pipe error: 109: file z:/build/build/src/ipc/chromium/src/chrome/common/ipc_channel_win.cc, line 346
Unable to read VR Path Registry from C:\Users\SKYNET\AppData\Local\openvr\openvrpaths.vrpath
[Child 6516, Chrome_ChildThread] WARNING: pipe error: 109: file z:/build/build/src/ipc/chromium/src/chrome/common/ipc_channel_win.cc, line 346
[Child 6516, Chrome_ChildThread] WARNING: pipe error: 109: file z:/build/build/src/ipc/chromium/src/chrome/common/ipc_channel_win.cc, line 346
Unable to read VR Path Registry from C:\Users\SKYNET\AppData\Local\openvr\openvrpaths.vrpath
[Child 6456, Chrome_ChildThread] WARNING: pipe error: 109: file z:/build/build/src/ipc/chromium/src/chrome/common/ipc_channel_win.cc, line 346
[Child 6456, Chrome_ChildThread] WARNING: pipe error: 109: file z:/build/build/src/ipc/chromium/src/chrome/common/ipc_channel_win.cc, line 346
*** UTM:SVC TimerManager:registerTimer called after profile-before-change notification. Ignoring timer registration for id: telemetry_modules_ping
Unable to read VR Path Registry from C:\Users\SKYNET\AppData\Local\openvr\openvrpaths.vrpath
